<?xml version="1.0" encoding="UTF-8"?>
<!-- Generated by org.testng.reporters.JUnitXMLReporter -->
<testsuite ignored="0" hostname="PRAVIN" failures="0" tests="4" name="Default test" time="9.516" errors="0" timestamp="2025-08-08T17:55:44 IST">
  <testcase classname="Automation_Testing.SauceDemoTests" name="addToCartTest" time="2.129"/>
  <testcase classname="Automation_Testing.SauceDemoTests" name="invalidLoginTest" time="1.115"/>
  <testcase classname="Automation_Testing.SauceDemoTests" name="logoutTest" time="3.426"/>
  <testcase classname="Automation_Testing.SauceDemoTests" name="validLoginTest" time="0.354"/>
</testsuite> <!-- Default test -->
