<?xml version="1.0" encoding="UTF-8"?>
<testng-results ignored="0" total="4" passed="4" failed="0" skipped="0">
  <reporter-output>
  </reporter-output>
  <suite started-at="2025-08-08T17:55:35 IST" name="Default suite" finished-at="2025-08-08T17:55:44 IST" duration-ms="9516">
    <groups>
    </groups>
    <test started-at="2025-08-08T17:55:35 IST" name="Default test" finished-at="2025-08-08T17:55:44 IST" duration-ms="9516">
      <class name="Automation_Testing.SauceDemoTests">
        <test-method is-config="true" signature="setUp()[pri:0, instance:Automation_Testing.SauceDemoTests@5876a9af]" started-at="2025-08-08T17:55:35 IST" name="setUp" finished-at="2025-08-08T17:55:37 IST" duration-ms="2409" status="PASS">
          <reporter-output>
          </reporter-output>
        </test-method> <!-- setUp -->
        <test-method signature="addToCartTest()[pri:0, instance:Automation_Testing.SauceDemoTests@5876a9af]" started-at="2025-08-08T17:55:37 IST" name="addToCartTest" finished-at="2025-08-08T17:55:40 IST" duration-ms="2129" status="PASS">
          <reporter-output>
          </reporter-output>
        </test-method> <!-- addToCartTest -->
        <test-method signature="invalidLoginTest()[pri:0, instance:Automation_Testing.SauceDemoTests@5876a9af]" started-at="2025-08-08T17:55:40 IST" name="invalidLoginTest" finished-at="2025-08-08T17:55:41 IST" duration-ms="1115" status="PASS">
          <reporter-output>
          </reporter-output>
        </test-method> <!-- invalidLoginTest -->
        <test-method signature="logoutTest()[pri:0, instance:Automation_Testing.SauceDemoTests@5876a9af]" started-at="2025-08-08T17:55:41 IST" name="logoutTest" finished-at="2025-08-08T17:55:44 IST" duration-ms="3426" status="PASS">
          <reporter-output>
          </reporter-output>
        </test-method> <!-- logoutTest -->
        <test-method signature="validLoginTest()[pri:0, instance:Automation_Testing.SauceDemoTests@5876a9af]" started-at="2025-08-08T17:55:44 IST" name="validLoginTest" finished-at="2025-08-08T17:55:44 IST" duration-ms="354" status="PASS">
          <reporter-output>
          </reporter-output>
        </test-method> <!-- validLoginTest -->
      </class> <!-- Automation_Testing.SauceDemoTests -->
    </test> <!-- Default test -->
  </suite> <!-- Default suite -->
</testng-results>
